h:\freelancer projects\plugins\learning\aftereffectssdk 17.1.2\examples\nt productions\zebra\win\x64\release\vc142.pdb
h:\freelancer projects\plugins\learning\aftereffectssdk 17.1.2\examples\nt productions\zebra\win\x64\release\aefx_suitehelper.sbr
h:\freelancer projects\plugins\learning\aftereffectssdk 17.1.2\examples\nt productions\zebra\win\x64\release\aefx_suitehelper.obj
h:\freelancer projects\plugins\learning\aftereffectssdk 17.1.2\examples\nt productions\zebra\win\x64\release\aegp_suitehandler.sbr
h:\freelancer projects\plugins\learning\aftereffectssdk 17.1.2\examples\nt productions\zebra\win\x64\release\missingsuiteerror.sbr
h:\freelancer projects\plugins\learning\aftereffectssdk 17.1.2\examples\nt productions\zebra\win\x64\release\smart_utils.sbr
h:\freelancer projects\plugins\learning\aftereffectssdk 17.1.2\examples\nt productions\zebra\win\x64\release\zebra.sbr
h:\freelancer projects\plugins\learning\aftereffectssdk 17.1.2\examples\nt productions\zebra\win\x64\release\zebra_strings.sbr
h:\freelancer projects\plugins\learning\aftereffectssdk 17.1.2\examples\nt productions\zebra\win\x64\release\zebra_strings.obj
h:\freelancer projects\plugins\learning\aftereffectssdk 17.1.2\examples\nt productions\zebra\win\x64\release\zebra.obj
h:\freelancer projects\plugins\learning\aftereffectssdk 17.1.2\examples\nt productions\zebra\win\x64\release\smart_utils.obj
h:\freelancer projects\plugins\learning\aftereffectssdk 17.1.2\examples\nt productions\zebra\win\x64\release\missingsuiteerror.obj
h:\freelancer projects\plugins\learning\aftereffectssdk 17.1.2\examples\nt productions\zebra\win\x64\release\aegp_suitehandler.obj
h:\freelancer projects\plugins\learning\aftereffectssdk 17.1.2\examples\nt productions\zebra\win\zebrapipl.rc
h:\freelancer projects\plugins\learning\aftereffectssdk 17.1.2\examples\nt productions\zebra\win\x64\release\zebrapipl.res
c:\program files\adobe\common\plug-ins\7.0\mediacore\nt productions\zebra.aex
h:\freelancer projects\plugins\learning\aftereffectssdk 17.1.2\examples\nt productions\zebra\win\x64\release\zebra.tlog\cl.command.1.tlog
h:\freelancer projects\plugins\learning\aftereffectssdk 17.1.2\examples\nt productions\zebra\win\x64\release\zebra.tlog\cl.read.1.tlog
h:\freelancer projects\plugins\learning\aftereffectssdk 17.1.2\examples\nt productions\zebra\win\x64\release\zebra.tlog\cl.write.1.tlog
h:\freelancer projects\plugins\learning\aftereffectssdk 17.1.2\examples\nt productions\zebra\win\x64\release\zebra.tlog\custombuild.command.1.tlog
h:\freelancer projects\plugins\learning\aftereffectssdk 17.1.2\examples\nt productions\zebra\win\x64\release\zebra.tlog\custombuild.read.1.tlog
h:\freelancer projects\plugins\learning\aftereffectssdk 17.1.2\examples\nt productions\zebra\win\x64\release\zebra.tlog\custombuild.write.1.tlog
h:\freelancer projects\plugins\learning\aftereffectssdk 17.1.2\examples\nt productions\zebra\win\x64\release\zebra.tlog\link.command.1.tlog
h:\freelancer projects\plugins\learning\aftereffectssdk 17.1.2\examples\nt productions\zebra\win\x64\release\zebra.tlog\link.read.1.tlog
h:\freelancer projects\plugins\learning\aftereffectssdk 17.1.2\examples\nt productions\zebra\win\x64\release\zebra.tlog\rc.command.1.tlog
h:\freelancer projects\plugins\learning\aftereffectssdk 17.1.2\examples\nt productions\zebra\win\x64\release\zebra.tlog\rc.read.1.tlog
h:\freelancer projects\plugins\learning\aftereffectssdk 17.1.2\examples\nt productions\zebra\win\x64\release\zebra.tlog\rc.write.1.tlog
